<?xml version="1.0" encoding="UTF-8"?>
<testng-results ignored="0" total="1" passed="1" failed="0" skipped="0">
  <reporter-output>
  </reporter-output>
  <suite started-at="2023-01-19T14:02:11 IST" name="Default suite" finished-at="2023-01-19T14:02:21 IST" duration-ms="10361">
    <groups>
    </groups>
    <test started-at="2023-01-19T14:02:11 IST" name="Default test" finished-at="2023-01-19T14:02:21 IST" duration-ms="10361">
      <class name="com.se.global.customerlogintest.CustomerLogin">
        <test-method is-config="true" signature="configBC()[pri:0, instance:com.se.global.customerlogintest.CustomerLogin@35e2d654]" started-at="2023-01-19T14:02:11 IST" name="configBC" finished-at="2023-01-19T14:02:17 IST" duration-ms="6415" status="PASS">
          <reporter-output>
          </reporter-output>
        </test-method> <!-- configBC -->
        <test-method is-config="true" signature="configBM()[pri:0, instance:com.se.global.customerlogintest.CustomerLogin@35e2d654]" started-at="2023-01-19T14:02:17 IST" name="configBM" finished-at="2023-01-19T14:02:18 IST" duration-ms="58" status="PASS">
          <reporter-output>
          </reporter-output>
        </test-method> <!-- configBM -->
        <test-method signature="customerLoginTest()[pri:0, instance:com.se.global.customerlogintest.CustomerLogin@35e2d654]" started-at="2023-01-19T14:02:18 IST" name="customerLoginTest" finished-at="2023-01-19T14:02:19 IST" duration-ms="1818" status="PASS">
          <reporter-output>
          </reporter-output>
        </test-method> <!-- customerLoginTest -->
        <test-method is-config="true" signature="configAM()[pri:0, instance:com.se.global.customerlogintest.CustomerLogin@35e2d654]" started-at="2023-01-19T14:02:19 IST" name="configAM" finished-at="2023-01-19T14:02:19 IST" duration-ms="0" status="PASS">
          <reporter-output>
          </reporter-output>
        </test-method> <!-- configAM -->
        <test-method is-config="true" signature="configAC()[pri:0, instance:com.se.global.customerlogintest.CustomerLogin@35e2d654]" started-at="2023-01-19T14:02:19 IST" name="configAC" finished-at="2023-01-19T14:02:21 IST" duration-ms="1982" status="PASS">
          <reporter-output>
          </reporter-output>
        </test-method> <!-- configAC -->
      </class> <!-- com.se.global.customerlogintest.CustomerLogin -->
    </test> <!-- Default test -->
  </suite> <!-- Default suite -->
</testng-results>
